2012/12/25 22:01:15 [error] [php] date(): It is not safe to rely on the system's timezone settings. You are *required* to use the date.timezone setting or the date_default_timezone_set() function. In case you used any of those methods and you are still getting this warning, you most likely misspelled the timezone identifier. We selected 'Europe/Berlin' for 'CET/1.0/no DST' instead (/Applications/MAMP/htdocs/trackstar/protected/views/layouts/main.php:51)
Stack trace:
#0 /Applications/MAMP/htdocs/YiiRoot/framework/web/CBaseController.php(96): SiteController->renderInternal()
#1 /Applications/MAMP/htdocs/YiiRoot/framework/web/widgets/CContentDecorator.php(77): SiteController->renderFile()
#2 /Applications/MAMP/htdocs/YiiRoot/framework/web/widgets/CContentDecorator.php(55): CContentDecorator->decorate()
#3 /Applications/MAMP/htdocs/YiiRoot/framework/web/widgets/COutputProcessor.php(45): CContentDecorator->processOutput()
#4 /Applications/MAMP/htdocs/YiiRoot/framework/web/CBaseController.php(207): CContentDecorator->run()
#5 /Applications/MAMP/htdocs/YiiRoot/framework/web/CBaseController.php(301): SiteController->endWidget()
#6 /Applications/MAMP/htdocs/trackstar/protected/views/layouts/column1.php(6): SiteController->endContent()
#7 /Applications/MAMP/htdocs/YiiRoot/framework/web/CBaseController.php(127): require()
#8 /Applications/MAMP/htdocs/YiiRoot/framework/web/CBaseController.php(96): SiteController->renderInternal()
#9 /Applications/MAMP/htdocs/YiiRoot/framework/web/CController.php(785): SiteController->renderFile()
#10 /Applications/MAMP/htdocs/trackstar/protected/controllers/SiteController.php(32): SiteController->render()
#11 /Applications/MAMP/htdocs/YiiRoot/framework/web/actions/CInlineAction.php(50): SiteController->actionIndex()
#12 /Applications/MAMP/htdocs/YiiRoot/framework/web/CController.php(309): CInlineAction->runWithParams()
#13 /Applications/MAMP/htdocs/YiiRoot/framework/web/CController.php(287): SiteController->runAction()
#14 /Applications/MAMP/htdocs/YiiRoot/framework/web/CController.php(266): SiteController->runActionWithFilters()
#15 /Applications/MAMP/htdocs/YiiRoot/framework/web/CWebApplication.php(283): SiteController->run()
#16 /Applications/MAMP/htdocs/YiiRoot/framework/web/CWebApplication.php(142): CWebApplication->runController()
#17 /Applications/MAMP/htdocs/YiiRoot/framework/base/CApplication.php(162): CWebApplication->processRequest()
#18 /Applications/MAMP/htdocs/trackstar/index.php(13): CWebApplication->run()
#19 /Applications/MAMP/htdocs/YiiRoot/framework/cli/commands/ShellCommand.php(80): require()
#20 /Applications/MAMP/htdocs/YiiRoot/framework/console/CConsoleCommandRunner.php(68): ShellCommand->run()
#21 /Applications/MAMP/htdocs/YiiRoot/framework/console/CConsoleApplication.php(92): CConsoleCommandRunner->run()
#22 /Applications/MAMP/htdocs/YiiRoot/framework/base/CApplication.php(162): CConsoleApplication->processRequest()
#23 /Applications/MAMP/htdocs/YiiRoot/framework/yiic.php(34): CConsoleApplication->run()
#24 /Applications/MAMP/htdocs/trackstar/protected/yiic.php(7): require_once()
#25 /Applications/MAMP/htdocs/trackstar/protected/yiic(4): require_once()
REQUEST_URI=/index.php
2012/12/25 22:02:16 [error] [php] date(): It is not safe to rely on the system's timezone settings. You are *required* to use the date.timezone setting or the date_default_timezone_set() function. In case you used any of those methods and you are still getting this warning, you most likely misspelled the timezone identifier. We selected 'Europe/Berlin' for 'CET/1.0/no DST' instead (/Applications/MAMP/htdocs/trackstar/protected/views/layouts/main.php:51)
Stack trace:
#0 /Applications/MAMP/htdocs/YiiRoot/framework/web/CBaseController.php(96): SiteController->renderInternal()
#1 /Applications/MAMP/htdocs/YiiRoot/framework/web/widgets/CContentDecorator.php(77): SiteController->renderFile()
#2 /Applications/MAMP/htdocs/YiiRoot/framework/web/widgets/CContentDecorator.php(55): CContentDecorator->decorate()
#3 /Applications/MAMP/htdocs/YiiRoot/framework/web/widgets/COutputProcessor.php(45): CContentDecorator->processOutput()
#4 /Applications/MAMP/htdocs/YiiRoot/framework/web/CBaseController.php(207): CContentDecorator->run()
#5 /Applications/MAMP/htdocs/YiiRoot/framework/web/CBaseController.php(301): SiteController->endWidget()
#6 /Applications/MAMP/htdocs/trackstar/protected/views/layouts/column1.php(6): SiteController->endContent()
#7 /Applications/MAMP/htdocs/YiiRoot/framework/web/CBaseController.php(127): require()
#8 /Applications/MAMP/htdocs/YiiRoot/framework/web/CBaseController.php(96): SiteController->renderInternal()
#9 /Applications/MAMP/htdocs/YiiRoot/framework/web/CController.php(785): SiteController->renderFile()
#10 /Applications/MAMP/htdocs/trackstar/protected/controllers/SiteController.php(32): SiteController->render()
#11 /Applications/MAMP/htdocs/YiiRoot/framework/web/actions/CInlineAction.php(50): SiteController->actionIndex()
#12 /Applications/MAMP/htdocs/YiiRoot/framework/web/CController.php(309): CInlineAction->runWithParams()
#13 /Applications/MAMP/htdocs/YiiRoot/framework/web/CController.php(287): SiteController->runAction()
#14 /Applications/MAMP/htdocs/YiiRoot/framework/web/CController.php(266): SiteController->runActionWithFilters()
#15 /Applications/MAMP/htdocs/YiiRoot/framework/web/CWebApplication.php(283): SiteController->run()
#16 /Applications/MAMP/htdocs/YiiRoot/framework/web/CWebApplication.php(142): CWebApplication->runController()
#17 /Applications/MAMP/htdocs/YiiRoot/framework/base/CApplication.php(162): CWebApplication->processRequest()
#18 /Applications/MAMP/htdocs/trackstar/index.php(13): CWebApplication->run()
#19 /Applications/MAMP/htdocs/YiiRoot/framework/cli/commands/ShellCommand.php(80): require()
#20 /Applications/MAMP/htdocs/YiiRoot/framework/console/CConsoleCommandRunner.php(68): ShellCommand->run()
#21 /Applications/MAMP/htdocs/YiiRoot/framework/console/CConsoleApplication.php(92): CConsoleCommandRunner->run()
#22 /Applications/MAMP/htdocs/YiiRoot/framework/base/CApplication.php(162): CConsoleApplication->processRequest()
#23 /Applications/MAMP/htdocs/YiiRoot/framework/yiic.php(34): CConsoleApplication->run()
#24 /Applications/MAMP/htdocs/trackstar/protected/yiic.php(7): require_once()
#25 /Applications/MAMP/htdocs/trackstar/protected/yiic(4): require_once()
REQUEST_URI=/index.php
2012/12/25 22:02:44 [error] [php] date(): It is not safe to rely on the system's timezone settings. You are *required* to use the date.timezone setting or the date_default_timezone_set() function. In case you used any of those methods and you are still getting this warning, you most likely misspelled the timezone identifier. We selected 'Europe/Berlin' for 'CET/1.0/no DST' instead (/Applications/MAMP/htdocs/trackstar/protected/views/layouts/main.php:51)
Stack trace:
#0 /Applications/MAMP/htdocs/YiiRoot/framework/web/CBaseController.php(96): SiteController->renderInternal()
#1 /Applications/MAMP/htdocs/YiiRoot/framework/web/widgets/CContentDecorator.php(77): SiteController->renderFile()
#2 /Applications/MAMP/htdocs/YiiRoot/framework/web/widgets/CContentDecorator.php(55): CContentDecorator->decorate()
#3 /Applications/MAMP/htdocs/YiiRoot/framework/web/widgets/COutputProcessor.php(45): CContentDecorator->processOutput()
#4 /Applications/MAMP/htdocs/YiiRoot/framework/web/CBaseController.php(207): CContentDecorator->run()
#5 /Applications/MAMP/htdocs/YiiRoot/framework/web/CBaseController.php(301): SiteController->endWidget()
#6 /Applications/MAMP/htdocs/trackstar/protected/views/layouts/column1.php(6): SiteController->endContent()
#7 /Applications/MAMP/htdocs/YiiRoot/framework/web/CBaseController.php(127): require()
#8 /Applications/MAMP/htdocs/YiiRoot/framework/web/CBaseController.php(96): SiteController->renderInternal()
#9 /Applications/MAMP/htdocs/YiiRoot/framework/web/CController.php(785): SiteController->renderFile()
#10 /Applications/MAMP/htdocs/trackstar/protected/controllers/SiteController.php(32): SiteController->render()
#11 /Applications/MAMP/htdocs/YiiRoot/framework/web/actions/CInlineAction.php(50): SiteController->actionIndex()
#12 /Applications/MAMP/htdocs/YiiRoot/framework/web/CController.php(309): CInlineAction->runWithParams()
#13 /Applications/MAMP/htdocs/YiiRoot/framework/web/CController.php(287): SiteController->runAction()
#14 /Applications/MAMP/htdocs/YiiRoot/framework/web/CController.php(266): SiteController->runActionWithFilters()
#15 /Applications/MAMP/htdocs/YiiRoot/framework/web/CWebApplication.php(283): SiteController->run()
#16 /Applications/MAMP/htdocs/YiiRoot/framework/web/CWebApplication.php(142): CWebApplication->runController()
#17 /Applications/MAMP/htdocs/YiiRoot/framework/base/CApplication.php(162): CWebApplication->processRequest()
#18 /Applications/MAMP/htdocs/trackstar/index.php(13): CWebApplication->run()
#19 /Applications/MAMP/htdocs/YiiRoot/framework/cli/commands/ShellCommand.php(80): require()
#20 /Applications/MAMP/htdocs/YiiRoot/framework/console/CConsoleCommandRunner.php(68): ShellCommand->run()
#21 /Applications/MAMP/htdocs/YiiRoot/framework/console/CConsoleApplication.php(92): CConsoleCommandRunner->run()
#22 /Applications/MAMP/htdocs/YiiRoot/framework/base/CApplication.php(162): CConsoleApplication->processRequest()
#23 /Applications/MAMP/htdocs/YiiRoot/framework/yiic.php(34): CConsoleApplication->run()
#24 /Applications/MAMP/htdocs/trackstar/protected/yiic.php(7): require_once()
#25 /Applications/MAMP/htdocs/trackstar/protected/yiic(4): require_once()
REQUEST_URI=/index.php
2012/12/25 22:08:28 [error] [php] date(): It is not safe to rely on the system's timezone settings. You are *required* to use the date.timezone setting or the date_default_timezone_set() function. In case you used any of those methods and you are still getting this warning, you most likely misspelled the timezone identifier. We selected 'Europe/Berlin' for 'CET/1.0/no DST' instead (/Applications/MAMP/htdocs/trackstar/protected/views/layouts/main.php:51)
Stack trace:
#0 /Applications/MAMP/htdocs/YiiRoot/framework/web/CBaseController.php(96): SiteController->renderInternal()
#1 /Applications/MAMP/htdocs/YiiRoot/framework/web/widgets/CContentDecorator.php(77): SiteController->renderFile()
#2 /Applications/MAMP/htdocs/YiiRoot/framework/web/widgets/CContentDecorator.php(55): CContentDecorator->decorate()
#3 /Applications/MAMP/htdocs/YiiRoot/framework/web/widgets/COutputProcessor.php(45): CContentDecorator->processOutput()
#4 /Applications/MAMP/htdocs/YiiRoot/framework/web/CBaseController.php(207): CContentDecorator->run()
#5 /Applications/MAMP/htdocs/YiiRoot/framework/web/CBaseController.php(301): SiteController->endWidget()
#6 /Applications/MAMP/htdocs/trackstar/protected/views/layouts/column1.php(6): SiteController->endContent()
#7 /Applications/MAMP/htdocs/YiiRoot/framework/web/CBaseController.php(127): require()
#8 /Applications/MAMP/htdocs/YiiRoot/framework/web/CBaseController.php(96): SiteController->renderInternal()
#9 /Applications/MAMP/htdocs/YiiRoot/framework/web/CController.php(785): SiteController->renderFile()
#10 /Applications/MAMP/htdocs/trackstar/protected/controllers/SiteController.php(32): SiteController->render()
#11 /Applications/MAMP/htdocs/YiiRoot/framework/web/actions/CInlineAction.php(50): SiteController->actionIndex()
#12 /Applications/MAMP/htdocs/YiiRoot/framework/web/CController.php(309): CInlineAction->runWithParams()
#13 /Applications/MAMP/htdocs/YiiRoot/framework/web/CController.php(287): SiteController->runAction()
#14 /Applications/MAMP/htdocs/YiiRoot/framework/web/CController.php(266): SiteController->runActionWithFilters()
#15 /Applications/MAMP/htdocs/YiiRoot/framework/web/CWebApplication.php(283): SiteController->run()
#16 /Applications/MAMP/htdocs/YiiRoot/framework/web/CWebApplication.php(142): CWebApplication->runController()
#17 /Applications/MAMP/htdocs/YiiRoot/framework/base/CApplication.php(162): CWebApplication->processRequest()
#18 /Applications/MAMP/htdocs/trackstar/index.php(13): CWebApplication->run()
#19 /Applications/MAMP/htdocs/YiiRoot/framework/cli/commands/ShellCommand.php(80): require()
#20 /Applications/MAMP/htdocs/YiiRoot/framework/console/CConsoleCommandRunner.php(68): ShellCommand->run()
#21 /Applications/MAMP/htdocs/YiiRoot/framework/console/CConsoleApplication.php(92): CConsoleCommandRunner->run()
#22 /Applications/MAMP/htdocs/YiiRoot/framework/base/CApplication.php(162): CConsoleApplication->processRequest()
#23 /Applications/MAMP/htdocs/YiiRoot/framework/yiic.php(34): CConsoleApplication->run()
#24 /Applications/MAMP/htdocs/trackstar/protected/yiic.php(7): require_once()
#25 /Applications/MAMP/htdocs/trackstar/protected/yiic(4): require_once()
REQUEST_URI=/index.php
2012/12/25 22:09:03 [error] [php] date(): It is not safe to rely on the system's timezone settings. You are *required* to use the date.timezone setting or the date_default_timezone_set() function. In case you used any of those methods and you are still getting this warning, you most likely misspelled the timezone identifier. We selected 'Europe/Berlin' for 'CET/1.0/no DST' instead (/Applications/MAMP/htdocs/trackstar/protected/views/layouts/main.php:51)
Stack trace:
#0 /Applications/MAMP/htdocs/YiiRoot/framework/web/CBaseController.php(96): SiteController->renderInternal()
#1 /Applications/MAMP/htdocs/YiiRoot/framework/web/widgets/CContentDecorator.php(77): SiteController->renderFile()
#2 /Applications/MAMP/htdocs/YiiRoot/framework/web/widgets/CContentDecorator.php(55): CContentDecorator->decorate()
#3 /Applications/MAMP/htdocs/YiiRoot/framework/web/widgets/COutputProcessor.php(45): CContentDecorator->processOutput()
#4 /Applications/MAMP/htdocs/YiiRoot/framework/web/CBaseController.php(207): CContentDecorator->run()
#5 /Applications/MAMP/htdocs/YiiRoot/framework/web/CBaseController.php(301): SiteController->endWidget()
#6 /Applications/MAMP/htdocs/trackstar/protected/views/layouts/column1.php(6): SiteController->endContent()
#7 /Applications/MAMP/htdocs/YiiRoot/framework/web/CBaseController.php(127): require()
#8 /Applications/MAMP/htdocs/YiiRoot/framework/web/CBaseController.php(96): SiteController->renderInternal()
#9 /Applications/MAMP/htdocs/YiiRoot/framework/web/CController.php(785): SiteController->renderFile()
#10 /Applications/MAMP/htdocs/trackstar/protected/controllers/SiteController.php(32): SiteController->render()
#11 /Applications/MAMP/htdocs/YiiRoot/framework/web/actions/CInlineAction.php(50): SiteController->actionIndex()
#12 /Applications/MAMP/htdocs/YiiRoot/framework/web/CController.php(309): CInlineAction->runWithParams()
#13 /Applications/MAMP/htdocs/YiiRoot/framework/web/CController.php(287): SiteController->runAction()
#14 /Applications/MAMP/htdocs/YiiRoot/framework/web/CController.php(266): SiteController->runActionWithFilters()
#15 /Applications/MAMP/htdocs/YiiRoot/framework/web/CWebApplication.php(283): SiteController->run()
#16 /Applications/MAMP/htdocs/YiiRoot/framework/web/CWebApplication.php(142): CWebApplication->runController()
#17 /Applications/MAMP/htdocs/YiiRoot/framework/base/CApplication.php(162): CWebApplication->processRequest()
#18 /Applications/MAMP/htdocs/trackstar/index.php(13): CWebApplication->run()
#19 /Applications/MAMP/htdocs/YiiRoot/framework/cli/commands/ShellCommand.php(80): require()
#20 /Applications/MAMP/htdocs/YiiRoot/framework/console/CConsoleCommandRunner.php(68): ShellCommand->run()
#21 /Applications/MAMP/htdocs/YiiRoot/framework/console/CConsoleApplication.php(92): CConsoleCommandRunner->run()
#22 /Applications/MAMP/htdocs/YiiRoot/framework/base/CApplication.php(162): CConsoleApplication->processRequest()
#23 /Applications/MAMP/htdocs/YiiRoot/framework/yiic.php(34): CConsoleApplication->run()
#24 /Applications/MAMP/htdocs/trackstar/protected/yiic.php(7): require_once()
#25 /Applications/MAMP/htdocs/trackstar/protected/yiic(4): require_once()
REQUEST_URI=/index.php
2012/12/26 19:43:25 [error] [php] date(): It is not safe to rely on the system's timezone settings. You are *required* to use the date.timezone setting or the date_default_timezone_set() function. In case you used any of those methods and you are still getting this warning, you most likely misspelled the timezone identifier. We selected 'Europe/Berlin' for 'CET/1.0/no DST' instead (/Applications/MAMP/htdocs/trackstar/protected/views/layouts/main.php:51)
Stack trace:
#0 /Applications/MAMP/htdocs/YiiRoot/framework/web/CBaseController.php(96): SiteController->renderInternal()
#1 /Applications/MAMP/htdocs/YiiRoot/framework/web/widgets/CContentDecorator.php(77): SiteController->renderFile()
#2 /Applications/MAMP/htdocs/YiiRoot/framework/web/widgets/CContentDecorator.php(55): CContentDecorator->decorate()
#3 /Applications/MAMP/htdocs/YiiRoot/framework/web/widgets/COutputProcessor.php(45): CContentDecorator->processOutput()
#4 /Applications/MAMP/htdocs/YiiRoot/framework/web/CBaseController.php(207): CContentDecorator->run()
#5 /Applications/MAMP/htdocs/YiiRoot/framework/web/CBaseController.php(301): SiteController->endWidget()
#6 /Applications/MAMP/htdocs/trackstar/protected/views/layouts/column1.php(6): SiteController->endContent()
#7 /Applications/MAMP/htdocs/YiiRoot/framework/web/CBaseController.php(127): require()
#8 /Applications/MAMP/htdocs/YiiRoot/framework/web/CBaseController.php(96): SiteController->renderInternal()
#9 /Applications/MAMP/htdocs/YiiRoot/framework/web/CController.php(785): SiteController->renderFile()
#10 /Applications/MAMP/htdocs/trackstar/protected/controllers/SiteController.php(32): SiteController->render()
#11 /Applications/MAMP/htdocs/YiiRoot/framework/web/actions/CInlineAction.php(50): SiteController->actionIndex()
#12 /Applications/MAMP/htdocs/YiiRoot/framework/web/CController.php(309): CInlineAction->runWithParams()
#13 /Applications/MAMP/htdocs/YiiRoot/framework/web/CController.php(287): SiteController->runAction()
#14 /Applications/MAMP/htdocs/YiiRoot/framework/web/CController.php(266): SiteController->runActionWithFilters()
#15 /Applications/MAMP/htdocs/YiiRoot/framework/web/CWebApplication.php(283): SiteController->run()
#16 /Applications/MAMP/htdocs/YiiRoot/framework/web/CWebApplication.php(142): CWebApplication->runController()
#17 /Applications/MAMP/htdocs/YiiRoot/framework/base/CApplication.php(162): CWebApplication->processRequest()
#18 /Applications/MAMP/htdocs/trackstar/index.php(13): CWebApplication->run()
#19 /Applications/MAMP/htdocs/YiiRoot/framework/cli/commands/ShellCommand.php(80): require()
#20 /Applications/MAMP/htdocs/YiiRoot/framework/console/CConsoleCommandRunner.php(68): ShellCommand->run()
#21 /Applications/MAMP/htdocs/YiiRoot/framework/console/CConsoleApplication.php(92): CConsoleCommandRunner->run()
#22 /Applications/MAMP/htdocs/YiiRoot/framework/base/CApplication.php(162): CConsoleApplication->processRequest()
#23 /Applications/MAMP/htdocs/YiiRoot/framework/yiic.php(34): CConsoleApplication->run()
#24 /Applications/MAMP/htdocs/trackstar/protected/yiic.php(7): require_once()
#25 /Applications/MAMP/htdocs/trackstar/protected/yiic(4): require_once()
REQUEST_URI=/index.php
2012/12/26 19:51:33 [error] [php] date(): It is not safe to rely on the system's timezone settings. You are *required* to use the date.timezone setting or the date_default_timezone_set() function. In case you used any of those methods and you are still getting this warning, you most likely misspelled the timezone identifier. We selected 'Europe/Berlin' for 'CET/1.0/no DST' instead (/Applications/MAMP/htdocs/trackstar/protected/views/layouts/main.php:51)
Stack trace:
#0 /Applications/MAMP/htdocs/YiiRoot/framework/web/CBaseController.php(96): SiteController->renderInternal()
#1 /Applications/MAMP/htdocs/YiiRoot/framework/web/widgets/CContentDecorator.php(77): SiteController->renderFile()
#2 /Applications/MAMP/htdocs/YiiRoot/framework/web/widgets/CContentDecorator.php(55): CContentDecorator->decorate()
#3 /Applications/MAMP/htdocs/YiiRoot/framework/web/widgets/COutputProcessor.php(45): CContentDecorator->processOutput()
#4 /Applications/MAMP/htdocs/YiiRoot/framework/web/CBaseController.php(207): CContentDecorator->run()
#5 /Applications/MAMP/htdocs/YiiRoot/framework/web/CBaseController.php(301): SiteController->endWidget()
#6 /Applications/MAMP/htdocs/trackstar/protected/views/layouts/column1.php(6): SiteController->endContent()
#7 /Applications/MAMP/htdocs/YiiRoot/framework/web/CBaseController.php(127): require()
#8 /Applications/MAMP/htdocs/YiiRoot/framework/web/CBaseController.php(96): SiteController->renderInternal()
#9 /Applications/MAMP/htdocs/YiiRoot/framework/web/CController.php(785): SiteController->renderFile()
#10 /Applications/MAMP/htdocs/trackstar/protected/controllers/SiteController.php(32): SiteController->render()
#11 /Applications/MAMP/htdocs/YiiRoot/framework/web/actions/CInlineAction.php(50): SiteController->actionIndex()
#12 /Applications/MAMP/htdocs/YiiRoot/framework/web/CController.php(309): CInlineAction->runWithParams()
#13 /Applications/MAMP/htdocs/YiiRoot/framework/web/CController.php(287): SiteController->runAction()
#14 /Applications/MAMP/htdocs/YiiRoot/framework/web/CController.php(266): SiteController->runActionWithFilters()
#15 /Applications/MAMP/htdocs/YiiRoot/framework/web/CWebApplication.php(283): SiteController->run()
#16 /Applications/MAMP/htdocs/YiiRoot/framework/web/CWebApplication.php(142): CWebApplication->runController()
#17 /Applications/MAMP/htdocs/YiiRoot/framework/base/CApplication.php(162): CWebApplication->processRequest()
#18 /Applications/MAMP/htdocs/trackstar/index.php(13): CWebApplication->run()
#19 /Applications/MAMP/htdocs/YiiRoot/framework/cli/commands/ShellCommand.php(80): require()
#20 /Applications/MAMP/htdocs/YiiRoot/framework/console/CConsoleCommandRunner.php(68): ShellCommand->run()
#21 /Applications/MAMP/htdocs/YiiRoot/framework/console/CConsoleApplication.php(92): CConsoleCommandRunner->run()
#22 /Applications/MAMP/htdocs/YiiRoot/framework/base/CApplication.php(162): CConsoleApplication->processRequest()
#23 /Applications/MAMP/htdocs/YiiRoot/framework/yiic.php(34): CConsoleApplication->run()
#24 /Applications/MAMP/htdocs/trackstar/protected/yiic.php(7): require_once()
#25 /Applications/MAMP/htdocs/trackstar/protected/yiic(4): require_once()
REQUEST_URI=/index.php
2012/12/26 23:19:31 [error] [system.db.CDbCommand] CDbCommand::fetchAll() failed: SQLSTATE[42S02]: Base table or view not found: 1146 Table 'trackstar.tbl_migration' doesn't exist. The SQL statement executed was: SHOW COLUMNS FROM `tbl_migration`.
2012/12/28 19:21:49 [error] [exception.CHttpException.404] exception 'CHttpException' with message 'Unable to resolve the request "sGii".' in /Applications/MAMP/htdocs/YiiRoot/framework/web/CWebApplication.php:287
Stack trace:
#0 /Applications/MAMP/htdocs/YiiRoot/framework/web/CWebApplication.php(142): CWebApplication->runController('sGii')
#1 /Applications/MAMP/htdocs/YiiRoot/framework/base/CApplication.php(162): CWebApplication->processRequest()
#2 /Applications/MAMP/htdocs/trackstar/index.php(13): CApplication->run()
#3 {main}
REQUEST_URI=/trackstar/index.php?r=sGii
---
2012/12/28 19:21:52 [error] [exception.CHttpException.404] exception 'CHttpException' with message 'Unable to resolve the request "Gii".' in /Applications/MAMP/htdocs/YiiRoot/framework/web/CWebApplication.php:287
Stack trace:
#0 /Applications/MAMP/htdocs/YiiRoot/framework/web/CWebApplication.php(142): CWebApplication->runController('Gii')
#1 /Applications/MAMP/htdocs/YiiRoot/framework/base/CApplication.php(162): CWebApplication->processRequest()
#2 /Applications/MAMP/htdocs/trackstar/index.php(13): CApplication->run()
#3 {main}
REQUEST_URI=/trackstar/index.php?r=Gii
---
